Using pre-set license
Built from '2021.3/staging' branch; Version is '2021.3.1f1 (3b70a0754835) revision 3895456'; Using compiler version '192829333'; Build Type 'Release'
OS: 'Windows 10  (10.0.19044) 64bit Professional' Language: 'ko' Physical Memory: 16347 MB
BatchMode: 1, IsHumanControllingUs: 0, StartBugReporterOnCrash: 0, Is64bit: 1, IsPro: 1

COMMAND LINE ARGUMENTS:
C:\Program Files\Unity\Hub\Editor\2021.3.1f1\Editor\Unity.exe
-adb2
-batchMode
-noUpm
-name
AssetImportWorker0
-projectPath
D:/Atents/Atents0816dat/00_ProjectC_3DRPG
-logFile
Logs/AssetImportWorker0.log
-srvPort
59957
Successfully changed project path to: D:/Atents/Atents0816dat/00_ProjectC_3DRPG
D:/Atents/Atents0816dat/00_ProjectC_3DRPG
[UnityMemory] Configuration Parameters - Can be set up in boot.config
    "memorysetup-bucket-allocator-granularity=16"
    "memorysetup-bucket-allocator-bucket-count=8"
    "memorysetup-bucket-allocator-block-size=33554432"
    "memorysetup-bucket-allocator-block-count=8"
    "memorysetup-main-allocator-block-size=16777216"
    "memorysetup-thread-allocator-block-size=16777216"
    "memorysetup-gfx-main-allocator-block-size=16777216"
    "memorysetup-gfx-thread-allocator-block-size=16777216"
    "memorysetup-cache-allocator-block-size=4194304"
    "memorysetup-typetree-allocator-block-size=2097152"
    "memorysetup-profiler-bucket-allocator-granularity=16"
    "memorysetup-profiler-bucket-allocator-bucket-count=8"
    "memorysetup-profiler-bucket-allocator-block-size=33554432"
    "memorysetup-profiler-bucket-allocator-block-count=8"
    "memorysetup-profiler-allocator-block-size=16777216"
    "memorysetup-profiler-editor-allocator-block-size=1048576"
    "memorysetup-temp-allocator-size-main=16777216"
    "memorysetup-job-temp-allocator-block-size=2097152"
    "memorysetup-job-temp-allocator-block-size-background=1048576"
    "memorysetup-job-temp-allocator-reduction-small-platforms=262144"
    "memorysetup-temp-allocator-size-background-worker=32768"
    "memorysetup-temp-allocator-size-job-worker=262144"
    "memorysetup-temp-allocator-size-preload-manager=33554432"
    "memorysetup-temp-allocator-size-nav-mesh-worker=65536"
    "memorysetup-temp-allocator-size-audio-worker=65536"
    "memorysetup-temp-allocator-size-cloud-worker=32768"
    "memorysetup-temp-allocator-size-gi-baking-worker=262144"
    "memorysetup-temp-allocator-size-gfx=262144"
Refreshing native plugins compatible for Editor in 89.96 ms, found 3 plugins.
Preloading 0 native plugins for Editor in 0.00 ms.
Initialize engine version: 2021.3.1f1 (3b70a0754835)
[Subsystems] Discovering subsystems at path C:/Program Files/Unity/Hub/Editor/2021.3.1f1/Editor/Data/Resources/UnitySubsystems
[Subsystems] Discovering subsystems at path D:/Atents/Atents0816dat/00_ProjectC_3DRPG/Assets
GfxDevice: creating device client; threaded=0; jobified=0
Direct3D:
    Version:  Direct3D 11.0 [level 11.1]
    Renderer: NVIDIA GeForce GTX 1050 (ID=0x1c81)
    Vendor:   NVIDIA
    VRAM:     1977 MB
    Driver:   30.0.15.1215
Initialize mono
Mono path[0] = 'C:/Program Files/Unity/Hub/Editor/2021.3.1f1/Editor/Data/Managed'
Mono path[1] = 'C:/Program Files/Unity/Hub/Editor/2021.3.1f1/Editor/Data/MonoBleedingEdge/lib/mono/unityjit-win32'
Mono config path = 'C:/Program Files/Unity/Hub/Editor/2021.3.1f1/Editor/Data/MonoBleedingEdge/etc'
Using monoOptions --debugger-agent=transport=dt_socket,embedding=1,server=y,suspend=n,address=127.0.0.1:56652
Begin MonoManager ReloadAssembly
Registering precompiled unity dll's ...
Register platform support module: C:/Program Files/Unity/Hub/Editor/2021.3.1f1/Editor/Data/PlaybackEngines/WindowsStandaloneSupport/UnityEditor.WindowsStandalone.Extensions.dll
Registered in 0.008505 seconds.
Native extension for WindowsStandalone target not found
Refreshing native plugins compatible for Editor in 88.27 ms, found 3 plugins.
Preloading 0 native plugins for Editor in 0.00 ms.
Mono: successfully reloaded assembly
- Completed reload, in  0.745 seconds
Domain Reload Profiling:
	ReloadAssembly (746ms)
		BeginReloadAssembly (88ms)
			ExecutionOrderSort (0ms)
			DisableScriptedObjects (0ms)
			BackupInstance (0ms)
			ReleaseScriptingObjects (0ms)
			CreateAndSetChildDomain (1ms)
		EndReloadAssembly (519ms)
			LoadAssemblies (86ms)
			RebuildTransferFunctionScriptingTraits (0ms)
			SetupTypeCache (125ms)
			ReleaseScriptCaches (0ms)
			RebuildScriptCaches (38ms)
			SetupLoadedEditorAssemblies (299ms)
				LogAssemblyErrors (0ms)
				InitializePlatformSupportModulesInManaged (9ms)
				SetLoadedEditorAssemblies (0ms)
				RefreshPlugins (88ms)
				BeforeProcessingInitializeOnLoad (1ms)
				ProcessInitializeOnLoadAttributes (147ms)
				ProcessInitializeOnLoadMethodAttributes (53ms)
				AfterProcessingInitializeOnLoad (0ms)
				EditorAssembliesLoaded (0ms)
			ExecutionOrderSort2 (0ms)
			AwakeInstancesAfterBackupRestoration (0ms)
Platform modules already initialized, skipping
Registering precompiled user dll's ...
Registered in 0.004130 seconds.
Begin MonoManager ReloadAssembly
Symbol file LoadedFromMemory doesn't match image D:\Atents\Atents0816dat\00_ProjectC_3DRPG\Library\PackageCache\com.unity.visualscripting@1.7.6\Editor\VisualScripting.Core\Dependencies\YamlDotNet\Unity.VisualScripting.YamlDotNet.dll
Symbol file LoadedFromMemory is not a mono symbol file
Symbol file LoadedFromMemory doesn't match image D:\Atents\Atents0816dat\00_ProjectC_3DRPG\Library\PackageCache\com.unity.visualscripting@1.7.6\Editor\VisualScripting.Core\Dependencies\DotNetZip\Unity.VisualScripting.IonicZip.dll
Native extension for WindowsStandalone target not found
Refreshing native plugins compatible for Editor in 0.51 ms, found 3 plugins.
Preloading 0 native plugins for Editor in 0.00 ms.
Mono: successfully reloaded assembly
- Completed reload, in  1.131 seconds
Domain Reload Profiling:
	ReloadAssembly (1132ms)
		BeginReloadAssembly (125ms)
			ExecutionOrderSort (0ms)
			DisableScriptedObjects (6ms)
			BackupInstance (0ms)
			ReleaseScriptingObjects (0ms)
			CreateAndSetChildDomain (21ms)
		EndReloadAssembly (873ms)
			LoadAssemblies (94ms)
			RebuildTransferFunctionScriptingTraits (0ms)
			SetupTypeCache (282ms)
			ReleaseScriptCaches (1ms)
			RebuildScriptCaches (55ms)
			SetupLoadedEditorAssemblies (389ms)
				LogAssemblyErrors (0ms)
				InitializePlatformSupportModulesInManaged (7ms)
				SetLoadedEditorAssemblies (1ms)
				RefreshPlugins (1ms)
				BeforeProcessingInitializeOnLoad (94ms)
				ProcessInitializeOnLoadAttributes (250ms)
				ProcessInitializeOnLoadMethodAttributes (27ms)
				AfterProcessingInitializeOnLoad (9ms)
				EditorAssembliesLoaded (0ms)
			ExecutionOrderSort2 (0ms)
			AwakeInstancesAfterBackupRestoration (8ms)
Platform modules already initialized, skipping
========================================================================
Worker process is ready to serve import requests
Launched and connected shader compiler UnityShaderCompiler.exe after 0.05 seconds
Refreshing native plugins compatible for Editor in 0.76 ms, found 3 plugins.
Preloading 0 native plugins for Editor in 0.00 ms.
Unloading 3226 Unused Serialized files (Serialized files now loaded: 0)
Unloading 23 unused Assets / (112.2 KB). Loaded Objects now: 3687.
Memory consumption went from 113.0 MB to 112.9 MB.
Total: 3.134800 ms (FindLiveObjects: 0.305400 ms CreateObjectMapping: 0.243600 ms MarkObjects: 2.465900 ms  DeleteObjects: 0.118700 ms)

AssetImportParameters requested are different than current active one (requested -> active):
  custom:video-decoder-ogg-theora: a1e56fd34408186e4bbccfd4996cb3dc -> 
  custom:container-muxer-webm: aa71ff27fc2769a1b78a27578f13a17b -> 
  custom:container-demuxer-webm: 4f35f7cbe854078d1ac9338744f61a02 -> 
  custom:video-encoder-webm-vp8: eb34c28f22e8b96e1ab97ce403110664 -> 
  custom:audio-encoder-webm-vorbis: bf7c407c2cedff20999df2af8eb42d56 -> 
  custom:framework-win-MediaFoundation: 216162199b28c13a410421893ffa2e32 -> 
  custom:container-demuxer-ogg: 62fdf1f143b41e24485cea50d1cbac27 -> 
  custom:video-decoder-webm-vp8: 9c59270c3fd7afecdb556c50c9e8de78 -> 
  custom:audio-decoder-ogg-vorbis: bf7c407c2cedff20999df2af8eb42d56 -> 
========================================================================
Received Import Request.
  Time since last request: 1134131.096302 seconds.
  path: Assets/Scenes
  artifactKey: Guid(6ea315d0fd7389c41b19996891e99ae3) Importer(815301076,1909f56bfc062723c751e8b465ee728b)
Start importing Assets/Scenes using Guid(6ea315d0fd7389c41b19996891e99ae3) Importer(815301076,1909f56bfc062723c751e8b465ee728b)  -> (artifact id: 'b8193726cff86800c54781cdc6d54904') in 0.010864 seconds 
========================================================================
Received Import Request.
  Time since last request: 0.000026 seconds.
  path: Assets/Fantasy Forest Environment Free Sample
  artifactKey: Guid(c8be99ba9531f3549832c76920ecae5f) Importer(815301076,1909f56bfc062723c751e8b465ee728b)
Start importing Assets/Fantasy Forest Environment Free Sample using Guid(c8be99ba9531f3549832c76920ecae5f) Importer(815301076,1909f56bfc062723c751e8b465ee728b)  -> (artifact id: '79f9e02b057b5a654463cd10f7952345') in 0.008594 seconds 
========================================================================
Received Import Request.
  Time since last request: 0.000022 seconds.
  path: Assets/_TerrainAutoUpgrade
  artifactKey: Guid(d5322496ce8439c41abdadcf8c622e89) Importer(815301076,1909f56bfc062723c751e8b465ee728b)
Start importing Assets/_TerrainAutoUpgrade using Guid(d5322496ce8439c41abdadcf8c622e89) Importer(815301076,1909f56bfc062723c751e8b465ee728b)  -> (artifact id: 'c1efd0a71cbaee80770102907097c982') in 0.008375 seconds 
========================================================================
Received Import Request.
  Time since last request: 11.817578 seconds.
  path: Assets/_TerrainAutoUpgrade/layer_dirt01b3407d0e55802f81.terrainlayer
  artifactKey: Guid(5f9fcca003e15fb41a7a7affbaadca02) Importer(815301076,1909f56bfc062723c751e8b465ee728b)
Start importing Assets/_TerrainAutoUpgrade/layer_dirt01b3407d0e55802f81.terrainlayer using Guid(5f9fcca003e15fb41a7a7affbaadca02) Importer(815301076,1909f56bfc062723c751e8b465ee728b)  -> (artifact id: '60189a50539547508e8708638b915dd6') in 0.126773 seconds 
========================================================================
Received Import Request.
  Time since last request: 0.000020 seconds.
  path: Assets/Fantasy Forest Environment Free Sample/Textures/dirt01.tga
  artifactKey: Guid(30ec70ef60a2bb54ea2df6f72c77bdc6) Importer(815301076,1909f56bfc062723c751e8b465ee728b)
Start importing Assets/Fantasy Forest Environment Free Sample/Textures/dirt01.tga using Guid(30ec70ef60a2bb54ea2df6f72c77bdc6) Importer(815301076,1909f56bfc062723c751e8b465ee728b)  -> (artifact id: '4744bcab1a8e342ee75bbd08eac64413') in 0.034901 seconds 
========================================================================
Received Import Request.
  Time since last request: 0.681450 seconds.
  path: Assets/_TerrainAutoUpgrade/layer_grass01_bb3407d0e55802f81.terrainlayer
  artifactKey: Guid(813bb6160e66db84db93fea42ef13ac8) Importer(815301076,1909f56bfc062723c751e8b465ee728b)
Start importing Assets/_TerrainAutoUpgrade/layer_grass01_bb3407d0e55802f81.terrainlayer using Guid(813bb6160e66db84db93fea42ef13ac8) Importer(815301076,1909f56bfc062723c751e8b465ee728b)  -> (artifact id: '01e12b13bc2ad364077a15c85ad8f40f') in 0.016659 seconds 
========================================================================
Received Import Request.
  Time since last request: 0.000023 seconds.
  path: Assets/Fantasy Forest Environment Free Sample/Textures/grass01_b.tga
  artifactKey: Guid(b69992f31e7145e4ba49aa8118c5541c) Importer(815301076,1909f56bfc062723c751e8b465ee728b)
Start importing Assets/Fantasy Forest Environment Free Sample/Textures/grass01_b.tga using Guid(b69992f31e7145e4ba49aa8118c5541c) Importer(815301076,1909f56bfc062723c751e8b465ee728b)  -> (artifact id: 'a521c5a162f3772ce5d0a26baee66217') in 0.016977 seconds 
========================================================================
Received Import Request.
  Time since last request: 0.448407 seconds.
  path: Assets/_TerrainAutoUpgrade/layer_grass01b3407d0e55802f81.terrainlayer
  artifactKey: Guid(ab1d3b81a006e2945ab646f10de96c1b) Importer(815301076,1909f56bfc062723c751e8b465ee728b)
Start importing Assets/_TerrainAutoUpgrade/layer_grass01b3407d0e55802f81.terrainlayer using Guid(ab1d3b81a006e2945ab646f10de96c1b) Importer(815301076,1909f56bfc062723c751e8b465ee728b)  -> (artifact id: '4794174cb106f98cd985612563686ac9') in 0.017973 seconds 
========================================================================
Received Import Request.
  Time since last request: 0.000022 seconds.
  path: Assets/Fantasy Forest Environment Free Sample/Textures/grass01.tga
  artifactKey: Guid(6c41a2cea80b4fc499bac2a6c14a4514) Importer(815301076,1909f56bfc062723c751e8b465ee728b)
Start importing Assets/Fantasy Forest Environment Free Sample/Textures/grass01.tga using Guid(6c41a2cea80b4fc499bac2a6c14a4514) Importer(815301076,1909f56bfc062723c751e8b465ee728b)  -> (artifact id: 'd017a3728a42b3cad79a2d5037d6828c') in 0.016486 seconds 
========================================================================
Received Import Request.
  Time since last request: 3.501688 seconds.
  path: Assets/Fantasy Forest Environment Free Sample/Materials
  artifactKey: Guid(cd0f69bea45e4f84ea174419ce134ce1) Importer(815301076,1909f56bfc062723c751e8b465ee728b)
Start importing Assets/Fantasy Forest Environment Free Sample/Materials using Guid(cd0f69bea45e4f84ea174419ce134ce1) Importer(815301076,1909f56bfc062723c751e8b465ee728b)  -> (artifact id: '5753f2377fc9b5ee1d195e980018f2a4') in 0.008860 seconds 
========================================================================
Received Import Request.
  Time since last request: 2.112284 seconds.
  path: Assets/Fantasy Forest Environment Free Sample/Textures/grassmesh.png
  artifactKey: Guid(4e364662e65fd2d4a995a4efe45af277) Importer(815301076,1909f56bfc062723c751e8b465ee728b)
Start importing Assets/Fantasy Forest Environment Free Sample/Textures/grassmesh.png using Guid(4e364662e65fd2d4a995a4efe45af277) Importer(815301076,1909f56bfc062723c751e8b465ee728b)  -> (artifact id: '54b89e16397a577c138c62528147b5b7') in 0.028414 seconds 
========================================================================
Received Import Request.
  Time since last request: 1.613802 seconds.
  path: Assets/Fantasy Forest Environment Free Sample/Textures/tree_branches.png
  artifactKey: Guid(1d49d1e2d8a2b97478e3e0355dbf3a07) Importer(815301076,1909f56bfc062723c751e8b465ee728b)
Start importing Assets/Fantasy Forest Environment Free Sample/Textures/tree_branches.png using Guid(1d49d1e2d8a2b97478e3e0355dbf3a07) Importer(815301076,1909f56bfc062723c751e8b465ee728b)  -> (artifact id: '0618c9ab05d9ad6e8a30377e21f30d32') in 0.022551 seconds 
========================================================================
Received Import Request.
  Time since last request: 1.303201 seconds.
  path: Assets/Fantasy Forest Environment Free Sample/Meshes
  artifactKey: Guid(eaaaee0f57e935647bce706f4ad8f73b) Importer(815301076,1909f56bfc062723c751e8b465ee728b)
Start importing Assets/Fantasy Forest Environment Free Sample/Meshes using Guid(eaaaee0f57e935647bce706f4ad8f73b) Importer(815301076,1909f56bfc062723c751e8b465ee728b)  -> (artifact id: 'a4734b6b3781ea3795a2b51a854be4cd') in 0.007496 seconds 
========================================================================
Received Import Request.
  Time since last request: 0.917633 seconds.
  path: Assets/Fantasy Forest Environment Free Sample/Meshes/Prefabs
  artifactKey: Guid(9c7916be32b4831459e123e056137170) Importer(815301076,1909f56bfc062723c751e8b465ee728b)
Start importing Assets/Fantasy Forest Environment Free Sample/Meshes/Prefabs using Guid(9c7916be32b4831459e123e056137170) Importer(815301076,1909f56bfc062723c751e8b465ee728b)  -> (artifact id: '199263f4a2c337c68ee1ab4ef90d9f75') in 0.009254 seconds 
========================================================================
Received Import Request.
  Time since last request: 0.520971 seconds.
  path: Assets/Fantasy Forest Environment Free Sample/Meshes/Source
  artifactKey: Guid(05153222d4fafb14f86e74c3f1ee4eba) Importer(815301076,1909f56bfc062723c751e8b465ee728b)
Start importing Assets/Fantasy Forest Environment Free Sample/Meshes/Source using Guid(05153222d4fafb14f86e74c3f1ee4eba) Importer(815301076,1909f56bfc062723c751e8b465ee728b)  -> (artifact id: '84134dcef7e56479dd9eb812947214ce') in 0.007273 seconds 
========================================================================
Received Import Request.
  Time since last request: 0.377895 seconds.
  path: Assets/Fantasy Forest Environment Free Sample/Scenes
  artifactKey: Guid(62872d07d188c1c40b0a8f51ce5f5d60) Importer(815301076,1909f56bfc062723c751e8b465ee728b)
Start importing Assets/Fantasy Forest Environment Free Sample/Scenes using Guid(62872d07d188c1c40b0a8f51ce5f5d60) Importer(815301076,1909f56bfc062723c751e8b465ee728b)  -> (artifact id: 'd9257aa50c74e2cf23d3e7a3a5ef5f71') in 0.005108 seconds 
========================================================================
Received Import Request.
  Time since last request: 0.942807 seconds.
  path: Assets/Fantasy Forest Environment Free Sample/Scenes/assets.unity
  artifactKey: Guid(a143ab047b99a124ca579bc8e0366cd3) Importer(815301076,1909f56bfc062723c751e8b465ee728b)
Start importing Assets/Fantasy Forest Environment Free Sample/Scenes/assets.unity using Guid(a143ab047b99a124ca579bc8e0366cd3) Importer(815301076,1909f56bfc062723c751e8b465ee728b)  -> (artifact id: '4467fc01219ee4f099293e60e59daa07') in 0.008920 seconds 
========================================================================
Received Import Request.
  Time since last request: 0.470797 seconds.
  path: Assets/Fantasy Forest Environment Free Sample/Scenes/demoScene_free.unity
  artifactKey: Guid(7769f33fb4fa2e5458344a36556ad760) Importer(815301076,1909f56bfc062723c751e8b465ee728b)
Start importing Assets/Fantasy Forest Environment Free Sample/Scenes/demoScene_free.unity using Guid(7769f33fb4fa2e5458344a36556ad760) Importer(815301076,1909f56bfc062723c751e8b465ee728b)  -> (artifact id: '8b544016be440be819559bd1adfdbba0') in 0.009259 seconds 
========================================================================
Received Import Request.
  Time since last request: 0.613125 seconds.
  path: Assets/Fantasy Forest Environment Free Sample/Scenes/New Terrain.asset
  artifactKey: Guid(02bc0e2176f6a4e4ea3faf0c622664cf) Importer(815301076,1909f56bfc062723c751e8b465ee728b)
Start importing Assets/Fantasy Forest Environment Free Sample/Scenes/New Terrain.asset using Guid(02bc0e2176f6a4e4ea3faf0c622664cf) Importer(815301076,1909f56bfc062723c751e8b465ee728b)  -> (artifact id: '2fe93d1a8b2a114f34689c6fef19b474') in 0.059929 seconds 
========================================================================
Received Import Request.
  Time since last request: 1.135784 seconds.
  path: Assets/Fantasy Forest Environment Free Sample/Textures
  artifactKey: Guid(9fcce063c50b58049b8c0bb17dc31ac4) Importer(815301076,1909f56bfc062723c751e8b465ee728b)
Start importing Assets/Fantasy Forest Environment Free Sample/Textures using Guid(9fcce063c50b58049b8c0bb17dc31ac4) Importer(815301076,1909f56bfc062723c751e8b465ee728b)  -> (artifact id: '9b4e5f4b943613faac09de4d0e12b839') in 0.009123 seconds 
========================================================================
Received Import Request.
  Time since last request: 0.594238 seconds.
  path: Assets/Fantasy Forest Environment Free Sample/Textures/bark01_bottom.tga
  artifactKey: Guid(4e44992d8a199a546aeaaa6ebc63b91a) Importer(815301076,1909f56bfc062723c751e8b465ee728b)
Start importing Assets/Fantasy Forest Environment Free Sample/Textures/bark01_bottom.tga using Guid(4e44992d8a199a546aeaaa6ebc63b91a) Importer(815301076,1909f56bfc062723c751e8b465ee728b)  -> (artifact id: '3fdd66a531a3c6236b0ff8f1b7811469') in 0.014723 seconds 
========================================================================
Received Import Request.
  Time since last request: 0.967667 seconds.
  path: Assets/Fantasy Forest Environment Free Sample/StandardNoCulling.shader
  artifactKey: Guid(717bc8f73d5aea64caef02a0c07b1e3a) Importer(815301076,1909f56bfc062723c751e8b465ee728b)
Start importing Assets/Fantasy Forest Environment Free Sample/StandardNoCulling.shader using Guid(717bc8f73d5aea64caef02a0c07b1e3a) Importer(815301076,1909f56bfc062723c751e8b465ee728b)  -> (artifact id: '5aecb25744992a41f6d2b69e3c2488b8') in 0.007796 seconds 
========================================================================
Received Import Request.
  Time since last request: 3.702691 seconds.
  path: Assets/Scenes/SampleScene.unity
  artifactKey: Guid(9fc0d4010bbf28b4594072e72b8655ab) Importer(815301076,1909f56bfc062723c751e8b465ee728b)
Start importing Assets/Scenes/SampleScene.unity using Guid(9fc0d4010bbf28b4594072e72b8655ab) Importer(815301076,1909f56bfc062723c751e8b465ee728b)  -> (artifact id: 'e55ccaa32d8e5c1de03c07a5412c8c3c') in 0.008319 seconds 
========================================================================
Received Import Request.
  Time since last request: 3.220802 seconds.
  path: Packages/com.unity.testtools.codecoverage
  artifactKey: Guid(37e2fae9013949daf3016af47382dd90) Importer(815301076,1909f56bfc062723c751e8b465ee728b)
Start importing Packages/com.unity.testtools.codecoverage using Guid(37e2fae9013949daf3016af47382dd90) Importer(815301076,1909f56bfc062723c751e8b465ee728b)  -> (artifact id: '1a26b7002931fba3277f6d32b650d8b6') in 0.011297 seconds 
========================================================================
Received Import Request.
  Time since last request: 0.717661 seconds.
  path: Packages/com.unity.ext.nunit
  artifactKey: Guid(25a477c2f24db8778a4179421a32cc21) Importer(815301076,1909f56bfc062723c751e8b465ee728b)
Start importing Packages/com.unity.ext.nunit using Guid(25a477c2f24db8778a4179421a32cc21) Importer(815301076,1909f56bfc062723c751e8b465ee728b)  -> (artifact id: 'bef33f36b89a5a284746f1bc5605769f') in 0.014466 seconds 
========================================================================
Received Import Request.
  Time since last request: 0.559188 seconds.
  path: Packages/com.unity.editorcoroutines
  artifactKey: Guid(1952614fce943faa675b00dec53d678b) Importer(815301076,1909f56bfc062723c751e8b465ee728b)
Start importing Packages/com.unity.editorcoroutines using Guid(1952614fce943faa675b00dec53d678b) Importer(815301076,1909f56bfc062723c751e8b465ee728b)  -> (artifact id: '6183e2fc1d36e8947aa8d15f8bea9124') in 0.008345 seconds 
========================================================================
Received Import Request.
  Time since last request: 1.494076 seconds.
  path: Packages/com.unity.ide.rider
  artifactKey: Guid(ea5aa18a49e4f29d74984ea0ea11a238) Importer(815301076,1909f56bfc062723c751e8b465ee728b)
Start importing Packages/com.unity.ide.rider using Guid(ea5aa18a49e4f29d74984ea0ea11a238) Importer(815301076,1909f56bfc062723c751e8b465ee728b)  -> (artifact id: 'de621c6b99382307b0489377b2f7421a') in 0.012452 seconds 
========================================================================
Received Import Request.
  Time since last request: 4.313260 seconds.
  path: Packages/com.unity.ugui
  artifactKey: Guid(8f7652e09069a1943278893d4264401e) Importer(815301076,1909f56bfc062723c751e8b465ee728b)
Start importing Packages/com.unity.ugui using Guid(8f7652e09069a1943278893d4264401e) Importer(815301076,1909f56bfc062723c751e8b465ee728b)  -> (artifact id: 'b90b7ea2c5e18fe74b2f7cbcc23cfd5d') in 0.015692 seconds 
========================================================================
Received Import Request.
  Time since last request: 0.343947 seconds.
  path: Packages/com.unity.collab-proxy
  artifactKey: Guid(1adad61bfb44214ee3e887b5febc4396) Importer(815301076,1909f56bfc062723c751e8b465ee728b)
Start importing Packages/com.unity.collab-proxy using Guid(1adad61bfb44214ee3e887b5febc4396) Importer(815301076,1909f56bfc062723c751e8b465ee728b)  -> (artifact id: '4966c7e8861a7dabed8f007fd9c75804') in 0.010393 seconds 
========================================================================
Received Import Request.
  Time since last request: 2.602245 seconds.
  path: Packages/com.unity.visualscripting
  artifactKey: Guid(93868626a0cf5222c7337ca621f54253) Importer(815301076,1909f56bfc062723c751e8b465ee728b)
Start importing Packages/com.unity.visualscripting using Guid(93868626a0cf5222c7337ca621f54253) Importer(815301076,1909f56bfc062723c751e8b465ee728b)  -> (artifact id: '31b40d47ced329b356cacd2853f0b2e5') in 0.013296 seconds 
========================================================================
Received Import Request.
  Time since last request: 1.160760 seconds.
  path: Packages/com.unity.ide.vscode
  artifactKey: Guid(1c61a04a5b7737c4d16673d64be4194e) Importer(815301076,1909f56bfc062723c751e8b465ee728b)
Start importing Packages/com.unity.ide.vscode using Guid(1c61a04a5b7737c4d16673d64be4194e) Importer(815301076,1909f56bfc062723c751e8b465ee728b)  -> (artifact id: 'e94248d05651707ad8c86b4532d5ae2b') in 0.008460 seconds 
========================================================================
Received Import Request.
  Time since last request: 0.577412 seconds.
  path: Packages/com.unity.ide.visualstudio
  artifactKey: Guid(9db636ca49aa246019dd93b7c8b689f4) Importer(815301076,1909f56bfc062723c751e8b465ee728b)
Start importing Packages/com.unity.ide.visualstudio using Guid(9db636ca49aa246019dd93b7c8b689f4) Importer(815301076,1909f56bfc062723c751e8b465ee728b)  -> (artifact id: '295f79e1a9a474ca163bd91a7aba5bef') in 0.008911 seconds 
========================================================================
Received Import Request.
  Time since last request: 0.774575 seconds.
  path: Packages/com.unity.test-framework
  artifactKey: Guid(6023f2b823fc19b4e4a90875281ff117) Importer(815301076,1909f56bfc062723c751e8b465ee728b)
Start importing Packages/com.unity.test-framework using Guid(6023f2b823fc19b4e4a90875281ff117) Importer(815301076,1909f56bfc062723c751e8b465ee728b)  -> (artifact id: 'd7fa3eaee75c74043be1adbf12269771') in 0.016589 seconds 
========================================================================
Received Import Request.
  Time since last request: 0.720196 seconds.
  path: Packages/com.unity.performance.profile-analyzer
  artifactKey: Guid(f3537f73420705f714484fcf71405ce3) Importer(815301076,1909f56bfc062723c751e8b465ee728b)
Start importing Packages/com.unity.performance.profile-analyzer using Guid(f3537f73420705f714484fcf71405ce3) Importer(815301076,1909f56bfc062723c751e8b465ee728b)  -> (artifact id: '2d49634a90859a132e2a7f7de7f87ce8') in 0.008778 seconds 
